2021-06-25 07:36:38,245 P3026 [INFO] ************************************************************
2021-06-25 07:36:38,245 P3026 [INFO] ConfigSet _OnInstanceBoot
2021-06-25 07:36:38,250 P3026 [INFO] ++++++++++++++++++++++++++++++++++++++++++++++++++++++++++++
2021-06-25 07:36:38,250 P3026 [INFO] Config AWSEBBaseConfig
2021-06-25 07:36:38,252 P3026 [INFO] ============================================================
2021-06-25 07:36:38,252 P3026 [INFO] Command clearbackupfiles
2021-06-25 07:36:38,255 P3026 [INFO] Completed successfully.
2021-06-25 07:36:38,264 P3026 [INFO] ++++++++++++++++++++++++++++++++++++++++++++++++++++++++++++
2021-06-25 07:36:38,264 P3026 [INFO] Config AWSEBMessageOfTheDay
2021-06-25 07:36:38,264 P3026 [INFO] ============================================================
2021-06-25 07:36:38,264 P3026 [INFO] Command 01clearoriginal
2021-06-25 07:36:38,268 P3026 [INFO] Completed successfully.
2021-06-25 07:36:38,268 P3026 [INFO] ============================================================
2021-06-25 07:36:38,268 P3026 [INFO] Command 02createbanner
2021-06-25 07:36:38,272 P3026 [INFO] Completed successfully.
2021-06-25 07:36:38,272 P3026 [INFO] ============================================================
2021-06-25 07:36:38,273 P3026 [INFO] Command 03updatebanner
2021-06-25 07:36:38,284 P3026 [INFO] Completed successfully.
2021-06-25 07:36:38,290 P3026 [INFO] ++++++++++++++++++++++++++++++++++++++++++++++++++++++++++++
2021-06-25 07:36:38,290 P3026 [INFO] Config AWSEBULimitConfig
2021-06-25 07:36:38,291 P3026 [INFO] ============================================================
2021-06-25 07:36:38,291 P3026 [INFO] Command 00removebackup
2021-06-25 07:36:38,294 P3026 [INFO] Completed successfully.
2021-06-25 07:36:38,300 P3026 [INFO] ++++++++++++++++++++++++++++++++++++++++++++++++++++++++++++
2021-06-25 07:36:38,300 P3026 [INFO] Config AWSEBCfnHupEndpointOverride
2021-06-25 07:36:38,301 P3026 [INFO] ============================================================
2021-06-25 07:36:38,301 P3026 [INFO] Command clearbackupfiles
2021-06-25 07:36:38,303 P3026 [INFO] Completed successfully.
2021-06-25 07:36:38,309 P3026 [INFO] ++++++++++++++++++++++++++++++++++++++++++++++++++++++++++++
2021-06-25 07:36:38,310 P3026 [INFO] Config Infra-InstallContainerHooksPkg
2021-06-25 07:36:38,310 P3026 [INFO] ============================================================
2021-06-25 07:36:38,310 P3026 [INFO] Command 00mkdir
2021-06-25 07:36:38,313 P3026 [INFO] Completed successfully.
2021-06-25 07:36:38,313 P3026 [INFO] ============================================================
2021-06-25 07:36:38,313 P3026 [INFO] Command 01download_container_hooks
2021-06-25 07:36:38,357 P3026 [INFO] Completed successfully.
2021-06-25 07:36:38,358 P3026 [INFO] ============================================================
2021-06-25 07:36:38,358 P3026 [INFO] Command 02install_container_hooks
2021-06-25 07:36:38,363 P3026 [INFO] Completed successfully.
2021-06-25 07:36:38,364 P3026 [INFO] ============================================================
2021-06-25 07:36:38,364 P3026 [INFO] Command 03cleanup
2021-06-25 07:36:38,367 P3026 [INFO] Completed successfully.
2021-06-25 07:36:38,373 P3026 [INFO] ++++++++++++++++++++++++++++++++++++++++++++++++++++++++++++
2021-06-25 07:36:38,373 P3026 [INFO] Config Infra-WriteLeaderTestScript
2021-06-25 07:36:38,378 P3026 [INFO] ++++++++++++++++++++++++++++++++++++++++++++++++++++++++++++
2021-06-25 07:36:38,378 P3026 [INFO] Config Infra-WriteTailLogsConf
2021-06-25 07:36:38,383 P3026 [INFO] ++++++++++++++++++++++++++++++++++++++++++++++++++++++++++++
2021-06-25 07:36:38,383 P3026 [INFO] Config Infra-WriteSystemTailLogsConf
2021-06-25 07:36:38,389 P3026 [INFO] ++++++++++++++++++++++++++++++++++++++++++++++++++++++++++++
2021-06-25 07:36:38,389 P3026 [INFO] Config Infra-WriteBundleLogsConf
2021-06-25 07:36:38,394 P3026 [INFO] ++++++++++++++++++++++++++++++++++++++++++++++++++++++++++++
2021-06-25 07:36:38,394 P3026 [INFO] Config Infra-WritePublishLogsConf
2021-06-25 07:36:38,399 P3026 [INFO] ++++++++++++++++++++++++++++++++++++++++++++++++++++++++++++
2021-06-25 07:36:38,399 P3026 [INFO] Config Infra-WritePublishLogsCron
2021-06-25 07:37:55,613 P4084 [INFO] ************************************************************
2021-06-25 07:37:55,614 P4084 [INFO] ConfigSet Infra-EmbeddedPreBuild
2021-06-25 07:37:55,617 P4084 [INFO] ++++++++++++++++++++++++++++++++++++++++++++++++++++++++++++
2021-06-25 07:37:55,617 P4084 [INFO] Config prebuild_0_bye
2021-06-25 07:37:55,623 P4084 [INFO] ++++++++++++++++++++++++++++++++++++++++++++++++++++++++++++
2021-06-25 07:37:55,623 P4084 [INFO] Config prebuild_1_bye
2021-06-25 07:37:57,508 P4201 [INFO] ************************************************************
2021-06-25 07:37:57,508 P4201 [INFO] ConfigSet Infra-EmbeddedPostBuild
2021-06-25 07:37:57,511 P4201 [INFO] ++++++++++++++++++++++++++++++++++++++++++++++++++++++++++++
2021-06-25 07:37:57,511 P4201 [INFO] Config postbuild_0_bye
2021-06-25 07:37:57,739 P4201 [INFO] ============================================================
2021-06-25 07:37:57,739 P4201 [INFO] Command 01-healthd-configure
2021-06-25 07:37:57,744 P4201 [INFO] -----------------------Command Output-----------------------
2021-06-25 07:37:57,744 P4201 [INFO] 	/home/ec2-user/setup-healthd-appstat.sh: line 1: #!/bin/sh: No such file or directory
2021-06-25 07:37:57,744 P4201 [INFO] ------------------------------------------------------------
2021-06-25 07:37:57,744 P4201 [INFO] Completed successfully.
2021-06-25 07:45:47,333 P6086 [INFO] ************************************************************
2021-06-25 07:45:47,333 P6086 [INFO] ConfigSet Infra-EmbeddedPreBuild
2021-06-25 07:45:49,205 P6217 [INFO] ************************************************************
2021-06-25 07:45:49,205 P6217 [INFO] ConfigSet Infra-EmbeddedPostBuild
