2021-06-25 07:36:38,235 [INFO] -----------------------Starting build-----------------------
2021-06-25 07:36:38,242 [INFO] Running configSets: _OnInstanceBoot
2021-06-25 07:36:38,245 [INFO] Running configSet _OnInstanceBoot
2021-06-25 07:36:38,250 [INFO] Running config AWSEBBaseConfig
2021-06-25 07:36:38,255 [INFO] Command clearbackupfiles succeeded
2021-06-25 07:36:38,264 [INFO] Running config AWSEBMessageOfTheDay
2021-06-25 07:36:38,268 [INFO] Command 01clearoriginal succeeded
2021-06-25 07:36:38,272 [INFO] Command 02createbanner succeeded
2021-06-25 07:36:38,284 [INFO] Command 03updatebanner succeeded
2021-06-25 07:36:38,290 [INFO] Running config AWSEBULimitConfig
2021-06-25 07:36:38,294 [INFO] Command 00removebackup succeeded
2021-06-25 07:36:38,300 [INFO] Running config AWSEBCfnHupEndpointOverride
2021-06-25 07:36:38,304 [INFO] Command clearbackupfiles succeeded
2021-06-25 07:36:38,309 [INFO] Running config Infra-InstallContainerHooksPkg
2021-06-25 07:36:38,313 [INFO] Command 00mkdir succeeded
2021-06-25 07:36:38,358 [INFO] Command 01download_container_hooks succeeded
2021-06-25 07:36:38,364 [INFO] Command 02install_container_hooks succeeded
2021-06-25 07:36:38,367 [INFO] Command 03cleanup succeeded
2021-06-25 07:36:38,372 [INFO] Running config Infra-WriteLeaderTestScript
2021-06-25 07:36:38,378 [INFO] Running config Infra-WriteTailLogsConf
2021-06-25 07:36:38,383 [INFO] Running config Infra-WriteSystemTailLogsConf
2021-06-25 07:36:38,389 [INFO] Running config Infra-WriteBundleLogsConf
2021-06-25 07:36:38,394 [INFO] Running config Infra-WritePublishLogsConf
2021-06-25 07:36:38,398 [INFO] Running config Infra-WritePublishLogsCron
2021-06-25 07:36:38,400 [INFO] ConfigSets completed
2021-06-25 07:36:38,400 [INFO] -----------------------Build complete-----------------------
2021-06-25 07:37:55,602 [INFO] -----------------------Starting build-----------------------
2021-06-25 07:37:55,610 [INFO] Running configSets: Infra-EmbeddedPreBuild
2021-06-25 07:37:55,613 [INFO] Running configSet Infra-EmbeddedPreBuild
2021-06-25 07:37:55,617 [INFO] Running config prebuild_0_bye
2021-06-25 07:37:55,622 [INFO] Running config prebuild_1_bye
2021-06-25 07:37:55,624 [INFO] ConfigSets completed
2021-06-25 07:37:55,624 [INFO] -----------------------Build complete-----------------------
2021-06-25 07:37:57,497 [INFO] -----------------------Starting build-----------------------
2021-06-25 07:37:57,505 [INFO] Running configSets: Infra-EmbeddedPostBuild
2021-06-25 07:37:57,508 [INFO] Running configSet Infra-EmbeddedPostBuild
2021-06-25 07:37:57,511 [INFO] Running config postbuild_0_bye
2021-06-25 07:37:57,744 [INFO] Command 01-healthd-configure succeeded
2021-06-25 07:37:57,746 [INFO] ConfigSets completed
2021-06-25 07:37:57,746 [INFO] -----------------------Build complete-----------------------
2021-06-25 07:45:47,322 [INFO] -----------------------Starting build-----------------------
2021-06-25 07:45:47,329 [INFO] Running configSets: Infra-EmbeddedPreBuild
2021-06-25 07:45:47,333 [INFO] Running configSet Infra-EmbeddedPreBuild
2021-06-25 07:45:47,333 [INFO] ConfigSets completed
2021-06-25 07:45:47,333 [INFO] -----------------------Build complete-----------------------
2021-06-25 07:45:49,195 [INFO] -----------------------Starting build-----------------------
2021-06-25 07:45:49,202 [INFO] Running configSets: Infra-EmbeddedPostBuild
2021-06-25 07:45:49,205 [INFO] Running configSet Infra-EmbeddedPostBuild
2021-06-25 07:45:49,205 [INFO] ConfigSets completed
2021-06-25 07:45:49,205 [INFO] -----------------------Build complete-----------------------
