2021-06-25T07:37:35.074679100Z container exec_create: /agent --healthcheck 3ed36d4ab15bfc6e5cfad5cd0ca0fe21384e675232bf6a3a8b882102da050fd8 (execID=7ad1705065cbc30d709564a2a44e60857b8483d7334595c684ccf2701b0c4462, image=amazon/amazon-ecs-agent:latest, name=ecs-agent)
2021-06-25T07:37:35.074859222Z container exec_start: /agent --healthcheck 3ed36d4ab15bfc6e5cfad5cd0ca0fe21384e675232bf6a3a8b882102da050fd8 (execID=7ad1705065cbc30d709564a2a44e60857b8483d7334595c684ccf2701b0c4462, image=amazon/amazon-ecs-agent:latest, name=ecs-agent)
2021-06-25T07:37:35.571034597Z container exec_die 3ed36d4ab15bfc6e5cfad5cd0ca0fe21384e675232bf6a3a8b882102da050fd8 (execID=7ad1705065cbc30d709564a2a44e60857b8483d7334595c684ccf2701b0c4462, exitCode=0, image=amazon/amazon-ecs-agent:latest, name=ecs-agent)
2021-06-25T07:37:35.577725263Z container health_status: healthy 3ed36d4ab15bfc6e5cfad5cd0ca0fe21384e675232bf6a3a8b882102da050fd8 (image=amazon/amazon-ecs-agent:latest, name=ecs-agent)
2021-06-25T07:37:56.050349544Z image untag sha256:2ff4c694d4df118f114be10cac839b266e68af8c6b4ade342fb6c1f278b970bd (name=sha256:2ff4c694d4df118f114be10cac839b266e68af8c6b4ade342fb6c1f278b970bd)
2021-06-25T07:37:56.058204233Z image delete sha256:2ff4c694d4df118f114be10cac839b266e68af8c6b4ade342fb6c1f278b970bd (name=sha256:2ff4c694d4df118f114be10cac839b266e68af8c6b4ade342fb6c1f278b970bd)
2021-06-25T07:37:56.124334423Z image tag sha256:f5668fdd3a823c50699f3bce495323e1dda80e3532321c5295338875fb6188f2 (name=amazon/amazon-ecs-agent:latest)
2021-06-25T07:38:05.589340246Z container exec_create: /agent --healthcheck 3ed36d4ab15bfc6e5cfad5cd0ca0fe21384e675232bf6a3a8b882102da050fd8 (execID=861cd02167aa26e4d548ebef4effdd48a57d99858453f4186946a6fde0e840bd, image=amazon/amazon-ecs-agent:latest, name=ecs-agent)
2021-06-25T07:38:05.590954966Z container exec_start: /agent --healthcheck 3ed36d4ab15bfc6e5cfad5cd0ca0fe21384e675232bf6a3a8b882102da050fd8 (execID=861cd02167aa26e4d548ebef4effdd48a57d99858453f4186946a6fde0e840bd, image=amazon/amazon-ecs-agent:latest, name=ecs-agent)
2021-06-25T07:38:07.209191564Z container exec_die 3ed36d4ab15bfc6e5cfad5cd0ca0fe21384e675232bf6a3a8b882102da050fd8 (execID=861cd02167aa26e4d548ebef4effdd48a57d99858453f4186946a6fde0e840bd, exitCode=0, image=amazon/amazon-ecs-agent:latest, name=ecs-agent)
2021-06-25T07:38:16.144690260Z image pull php:fpm (name=php)
2021-06-25T07:38:16.362314541Z container create 0bb212c8d979f861f78ee4029709e05a35795fe890b93c11380c83464f3aa448 (com.amazonaws.ecs.cluster=awseb-Bye-env-m44xgakxkp, com.amazonaws.ecs.container-name=php-app, com.amazonaws.ecs.task-arn=arn:aws:ecs:ap-south-1:215680092654:task/awseb-Bye-env-m44xgakxkp/de8dd9ed366042daa72e22d432eef6c9, com.amazonaws.ecs.task-definition-family=awseb-Bye-env-m44xgakxkp, com.amazonaws.ecs.task-definition-version=1, image=php:fpm, name=ecs-awseb-Bye-env-m44xgakxkp-1-php-app-e89dc69ed29ceaa61700)
2021-06-25T07:38:16.465066399Z network connect 890f7c007f3d04118e9d3d232cae067c2391a06c97b51714301331f5975a665d (container=0bb212c8d979f861f78ee4029709e05a35795fe890b93c11380c83464f3aa448, name=bridge, type=bridge)
2021-06-25T07:38:17.187946436Z container start 0bb212c8d979f861f78ee4029709e05a35795fe890b93c11380c83464f3aa448 (com.amazonaws.ecs.cluster=awseb-Bye-env-m44xgakxkp, com.amazonaws.ecs.container-name=php-app, com.amazonaws.ecs.task-arn=arn:aws:ecs:ap-south-1:215680092654:task/awseb-Bye-env-m44xgakxkp/de8dd9ed366042daa72e22d432eef6c9, com.amazonaws.ecs.task-definition-family=awseb-Bye-env-m44xgakxkp, com.amazonaws.ecs.task-definition-version=1, image=php:fpm, name=ecs-awseb-Bye-env-m44xgakxkp-1-php-app-e89dc69ed29ceaa61700)
2021-06-25T07:38:23.713758759Z image pull nginx:latest (maintainer=NGINX Docker Maintainers <docker-maint@nginx.com>, name=nginx)
2021-06-25T07:38:23.906712627Z container create a43181cf453840d0f3a3f8f1468d0d91eabd14734479be4d048f5df9db91687b (com.amazonaws.ecs.cluster=awseb-Bye-env-m44xgakxkp, com.amazonaws.ecs.container-name=nginx-proxy, com.amazonaws.ecs.task-arn=arn:aws:ecs:ap-south-1:215680092654:task/awseb-Bye-env-m44xgakxkp/de8dd9ed366042daa72e22d432eef6c9, com.amazonaws.ecs.task-definition-family=awseb-Bye-env-m44xgakxkp, com.amazonaws.ecs.task-definition-version=1, image=nginx, maintainer=NGINX Docker Maintainers <docker-maint@nginx.com>, name=ecs-awseb-Bye-env-m44xgakxkp-1-nginx-proxy-ec848df3df8ac48c9d01)
2021-06-25T07:38:24.073486133Z network connect 890f7c007f3d04118e9d3d232cae067c2391a06c97b51714301331f5975a665d (container=a43181cf453840d0f3a3f8f1468d0d91eabd14734479be4d048f5df9db91687b, name=bridge, type=bridge)
2021-06-25T07:38:24.762170598Z container start a43181cf453840d0f3a3f8f1468d0d91eabd14734479be4d048f5df9db91687b (com.amazonaws.ecs.cluster=awseb-Bye-env-m44xgakxkp, com.amazonaws.ecs.container-name=nginx-proxy, com.amazonaws.ecs.task-arn=arn:aws:ecs:ap-south-1:215680092654:task/awseb-Bye-env-m44xgakxkp/de8dd9ed366042daa72e22d432eef6c9, com.amazonaws.ecs.task-definition-family=awseb-Bye-env-m44xgakxkp, com.amazonaws.ecs.task-definition-version=1, image=nginx, maintainer=NGINX Docker Maintainers <docker-maint@nginx.com>, name=ecs-awseb-Bye-env-m44xgakxkp-1-nginx-proxy-ec848df3df8ac48c9d01)
2021-06-25T07:38:28.907802690Z image tag sha256:a259e28cc4382ac2c04bfcd24cd2aacaaa747c96fe63130d6892c4663e5ea465 (name=php:fpm)
2021-06-25T07:38:29.041878996Z image tag sha256:4f380adfc10f4cd34f775ae57a17d2835385efd5251d6dfe0f246b0018fb0399 (maintainer=NGINX Docker Maintainers <docker-maint@nginx.com>, name=nginx:latest)
2021-06-25T07:38:29.118359574Z image tag sha256:f5668fdd3a823c50699f3bce495323e1dda80e3532321c5295338875fb6188f2 (name=amazon/amazon-ecs-agent:latest)
2021-06-25T07:38:37.215459099Z container exec_create: /agent --healthcheck 3ed36d4ab15bfc6e5cfad5cd0ca0fe21384e675232bf6a3a8b882102da050fd8 (execID=1f23869f76cd2bb2c56794645c6a20d975cc4813f3b150df9c8f10636e8187a2, image=amazon/amazon-ecs-agent:latest, name=ecs-agent)
2021-06-25T07:38:37.215537338Z container exec_start: /agent --healthcheck 3ed36d4ab15bfc6e5cfad5cd0ca0fe21384e675232bf6a3a8b882102da050fd8 (execID=1f23869f76cd2bb2c56794645c6a20d975cc4813f3b150df9c8f10636e8187a2, image=amazon/amazon-ecs-agent:latest, name=ecs-agent)
2021-06-25T07:38:37.731677018Z container exec_die 3ed36d4ab15bfc6e5cfad5cd0ca0fe21384e675232bf6a3a8b882102da050fd8 (execID=1f23869f76cd2bb2c56794645c6a20d975cc4813f3b150df9c8f10636e8187a2, exitCode=0, image=amazon/amazon-ecs-agent:latest, name=ecs-agent)
2021-06-25T07:39:07.738886192Z container exec_create: /agent --healthcheck 3ed36d4ab15bfc6e5cfad5cd0ca0fe21384e675232bf6a3a8b882102da050fd8 (execID=0e26d43d0ebd2852147b257de15b3f980abd0e48e07477f39c2a21ded8a1047b, image=amazon/amazon-ecs-agent:latest, name=ecs-agent)
2021-06-25T07:39:07.738965421Z container exec_start: /agent --healthcheck 3ed36d4ab15bfc6e5cfad5cd0ca0fe21384e675232bf6a3a8b882102da050fd8 (execID=0e26d43d0ebd2852147b257de15b3f980abd0e48e07477f39c2a21ded8a1047b, image=amazon/amazon-ecs-agent:latest, name=ecs-agent)
2021-06-25T07:39:08.162872863Z container exec_die 3ed36d4ab15bfc6e5cfad5cd0ca0fe21384e675232bf6a3a8b882102da050fd8 (execID=0e26d43d0ebd2852147b257de15b3f980abd0e48e07477f39c2a21ded8a1047b, exitCode=0, image=amazon/amazon-ecs-agent:latest, name=ecs-agent)
2021-06-25T07:39:38.173440560Z container exec_create: /agent --healthcheck 3ed36d4ab15bfc6e5cfad5cd0ca0fe21384e675232bf6a3a8b882102da050fd8 (execID=8915ff62f411f605a4e5c35edd507b3c004d38dc628f6d506a8b3eb010b2a147, image=amazon/amazon-ecs-agent:latest, name=ecs-agent)
2021-06-25T07:39:38.173508302Z container exec_start: /agent --healthcheck 3ed36d4ab15bfc6e5cfad5cd0ca0fe21384e675232bf6a3a8b882102da050fd8 (execID=8915ff62f411f605a4e5c35edd507b3c004d38dc628f6d506a8b3eb010b2a147, image=amazon/amazon-ecs-agent:latest, name=ecs-agent)
2021-06-25T07:39:38.600077339Z container exec_die 3ed36d4ab15bfc6e5cfad5cd0ca0fe21384e675232bf6a3a8b882102da050fd8 (execID=8915ff62f411f605a4e5c35edd507b3c004d38dc628f6d506a8b3eb010b2a147, exitCode=0, image=amazon/amazon-ecs-agent:latest, name=ecs-agent)
2021-06-25T07:40:08.607265808Z container exec_create: /agent --healthcheck 3ed36d4ab15bfc6e5cfad5cd0ca0fe21384e675232bf6a3a8b882102da050fd8 (execID=4393625c1cf0a929b3327bfc4f27b97db22a05d4689fc0b04b9bd3952d467524, image=amazon/amazon-ecs-agent:latest, name=ecs-agent)
2021-06-25T07:40:08.607344390Z container exec_start: /agent --healthcheck 3ed36d4ab15bfc6e5cfad5cd0ca0fe21384e675232bf6a3a8b882102da050fd8 (execID=4393625c1cf0a929b3327bfc4f27b97db22a05d4689fc0b04b9bd3952d467524, image=amazon/amazon-ecs-agent:latest, name=ecs-agent)
2021-06-25T07:40:09.028180948Z container exec_die 3ed36d4ab15bfc6e5cfad5cd0ca0fe21384e675232bf6a3a8b882102da050fd8 (execID=4393625c1cf0a929b3327bfc4f27b97db22a05d4689fc0b04b9bd3952d467524, exitCode=0, image=amazon/amazon-ecs-agent:latest, name=ecs-agent)
2021-06-25T07:40:39.035861991Z container exec_create: /agent --healthcheck 3ed36d4ab15bfc6e5cfad5cd0ca0fe21384e675232bf6a3a8b882102da050fd8 (execID=9df0c6db007ace85a57de84c59816177190aeaf7d6aa268959a71c28715473ad, image=amazon/amazon-ecs-agent:latest, name=ecs-agent)
2021-06-25T07:40:39.035932430Z container exec_start: /agent --healthcheck 3ed36d4ab15bfc6e5cfad5cd0ca0fe21384e675232bf6a3a8b882102da050fd8 (execID=9df0c6db007ace85a57de84c59816177190aeaf7d6aa268959a71c28715473ad, image=amazon/amazon-ecs-agent:latest, name=ecs-agent)
2021-06-25T07:40:39.488041509Z container exec_die 3ed36d4ab15bfc6e5cfad5cd0ca0fe21384e675232bf6a3a8b882102da050fd8 (execID=9df0c6db007ace85a57de84c59816177190aeaf7d6aa268959a71c28715473ad, exitCode=0, image=amazon/amazon-ecs-agent:latest, name=ecs-agent)
2021-06-25T07:41:09.498198106Z container exec_create: /agent --healthcheck 3ed36d4ab15bfc6e5cfad5cd0ca0fe21384e675232bf6a3a8b882102da050fd8 (execID=a9378f043bb800a77b83a68f52689f7341148267cb810397da8af2cf20d9dae4, image=amazon/amazon-ecs-agent:latest, name=ecs-agent)
2021-06-25T07:41:09.498268799Z container exec_start: /agent --healthcheck 3ed36d4ab15bfc6e5cfad5cd0ca0fe21384e675232bf6a3a8b882102da050fd8 (execID=a9378f043bb800a77b83a68f52689f7341148267cb810397da8af2cf20d9dae4, image=amazon/amazon-ecs-agent:latest, name=ecs-agent)
2021-06-25T07:41:09.947279251Z container exec_die 3ed36d4ab15bfc6e5cfad5cd0ca0fe21384e675232bf6a3a8b882102da050fd8 (execID=a9378f043bb800a77b83a68f52689f7341148267cb810397da8af2cf20d9dae4, exitCode=0, image=amazon/amazon-ecs-agent:latest, name=ecs-agent)
2021-06-25T07:41:39.955253855Z container exec_create: /agent --healthcheck 3ed36d4ab15bfc6e5cfad5cd0ca0fe21384e675232bf6a3a8b882102da050fd8 (execID=1b35032b647b49cb68aa3106fea279922e57070b6d495d2354950afa73b773f5, image=amazon/amazon-ecs-agent:latest, name=ecs-agent)
2021-06-25T07:41:39.955337145Z container exec_start: /agent --healthcheck 3ed36d4ab15bfc6e5cfad5cd0ca0fe21384e675232bf6a3a8b882102da050fd8 (execID=1b35032b647b49cb68aa3106fea279922e57070b6d495d2354950afa73b773f5, image=amazon/amazon-ecs-agent:latest, name=ecs-agent)
2021-06-25T07:41:40.400427193Z container exec_die 3ed36d4ab15bfc6e5cfad5cd0ca0fe21384e675232bf6a3a8b882102da050fd8 (execID=1b35032b647b49cb68aa3106fea279922e57070b6d495d2354950afa73b773f5, exitCode=0, image=amazon/amazon-ecs-agent:latest, name=ecs-agent)
2021-06-25T07:42:10.408060388Z container exec_create: /agent --healthcheck 3ed36d4ab15bfc6e5cfad5cd0ca0fe21384e675232bf6a3a8b882102da050fd8 (execID=a648005df7ef5a7becb41571db4cb0abab3da01a10e337e8a2a3d17d28c64d61, image=amazon/amazon-ecs-agent:latest, name=ecs-agent)
2021-06-25T07:42:10.408142630Z container exec_start: /agent --healthcheck 3ed36d4ab15bfc6e5cfad5cd0ca0fe21384e675232bf6a3a8b882102da050fd8 (execID=a648005df7ef5a7becb41571db4cb0abab3da01a10e337e8a2a3d17d28c64d61, image=amazon/amazon-ecs-agent:latest, name=ecs-agent)
2021-06-25T07:42:10.842849921Z container exec_die 3ed36d4ab15bfc6e5cfad5cd0ca0fe21384e675232bf6a3a8b882102da050fd8 (execID=a648005df7ef5a7becb41571db4cb0abab3da01a10e337e8a2a3d17d28c64d61, exitCode=0, image=amazon/amazon-ecs-agent:latest, name=ecs-agent)
2021-06-25T07:42:40.854091128Z container exec_create: /agent --healthcheck 3ed36d4ab15bfc6e5cfad5cd0ca0fe21384e675232bf6a3a8b882102da050fd8 (execID=9d7e8c63f80aa2a0d12256a955a0b03001c18d26ffdf87ffacc89d766e2d6cc6, image=amazon/amazon-ecs-agent:latest, name=ecs-agent)
2021-06-25T07:42:40.854170621Z container exec_start: /agent --healthcheck 3ed36d4ab15bfc6e5cfad5cd0ca0fe21384e675232bf6a3a8b882102da050fd8 (execID=9d7e8c63f80aa2a0d12256a955a0b03001c18d26ffdf87ffacc89d766e2d6cc6, image=amazon/amazon-ecs-agent:latest, name=ecs-agent)
2021-06-25T07:42:41.279540781Z container exec_die 3ed36d4ab15bfc6e5cfad5cd0ca0fe21384e675232bf6a3a8b882102da050fd8 (execID=9d7e8c63f80aa2a0d12256a955a0b03001c18d26ffdf87ffacc89d766e2d6cc6, exitCode=0, image=amazon/amazon-ecs-agent:latest, name=ecs-agent)
2021-06-25T07:43:11.286518726Z container exec_create: /agent --healthcheck 3ed36d4ab15bfc6e5cfad5cd0ca0fe21384e675232bf6a3a8b882102da050fd8 (execID=5de11bed20e580e633d4a3acf8827d987ef066c43037556248438d275bc028e1, image=amazon/amazon-ecs-agent:latest, name=ecs-agent)
2021-06-25T07:43:11.286597115Z container exec_start: /agent --healthcheck 3ed36d4ab15bfc6e5cfad5cd0ca0fe21384e675232bf6a3a8b882102da050fd8 (execID=5de11bed20e580e633d4a3acf8827d987ef066c43037556248438d275bc028e1, image=amazon/amazon-ecs-agent:latest, name=ecs-agent)
2021-06-25T07:43:11.738564202Z container exec_die 3ed36d4ab15bfc6e5cfad5cd0ca0fe21384e675232bf6a3a8b882102da050fd8 (execID=5de11bed20e580e633d4a3acf8827d987ef066c43037556248438d275bc028e1, exitCode=0, image=amazon/amazon-ecs-agent:latest, name=ecs-agent)
2021-06-25T07:43:41.747256671Z container exec_create: /agent --healthcheck 3ed36d4ab15bfc6e5cfad5cd0ca0fe21384e675232bf6a3a8b882102da050fd8 (execID=c6df5c4fa1bec17882ff8da026fbf0b53eee118b0b3815f9b33985b70f50b1f0, image=amazon/amazon-ecs-agent:latest, name=ecs-agent)
2021-06-25T07:43:41.747336109Z container exec_start: /agent --healthcheck 3ed36d4ab15bfc6e5cfad5cd0ca0fe21384e675232bf6a3a8b882102da050fd8 (execID=c6df5c4fa1bec17882ff8da026fbf0b53eee118b0b3815f9b33985b70f50b1f0, image=amazon/amazon-ecs-agent:latest, name=ecs-agent)
2021-06-25T07:43:42.176130604Z container exec_die 3ed36d4ab15bfc6e5cfad5cd0ca0fe21384e675232bf6a3a8b882102da050fd8 (execID=c6df5c4fa1bec17882ff8da026fbf0b53eee118b0b3815f9b33985b70f50b1f0, exitCode=0, image=amazon/amazon-ecs-agent:latest, name=ecs-agent)
2021-06-25T07:44:12.184651184Z container exec_create: /agent --healthcheck 3ed36d4ab15bfc6e5cfad5cd0ca0fe21384e675232bf6a3a8b882102da050fd8 (execID=cc4f9024d52c5c455dfa5308c3b4c0a9a4a56700f0b2466f13d52d682a790836, image=amazon/amazon-ecs-agent:latest, name=ecs-agent)
2021-06-25T07:44:12.184729581Z container exec_start: /agent --healthcheck 3ed36d4ab15bfc6e5cfad5cd0ca0fe21384e675232bf6a3a8b882102da050fd8 (execID=cc4f9024d52c5c455dfa5308c3b4c0a9a4a56700f0b2466f13d52d682a790836, image=amazon/amazon-ecs-agent:latest, name=ecs-agent)
2021-06-25T07:44:12.613620723Z container exec_die 3ed36d4ab15bfc6e5cfad5cd0ca0fe21384e675232bf6a3a8b882102da050fd8 (execID=cc4f9024d52c5c455dfa5308c3b4c0a9a4a56700f0b2466f13d52d682a790836, exitCode=0, image=amazon/amazon-ecs-agent:latest, name=ecs-agent)
2021-06-25T07:44:42.620927558Z container exec_create: /agent --healthcheck 3ed36d4ab15bfc6e5cfad5cd0ca0fe21384e675232bf6a3a8b882102da050fd8 (execID=ac63f0577c7df6cb55ec9c24ba0e07a7c0ee16b1c80bffbd7c801335ccdaef95, image=amazon/amazon-ecs-agent:latest, name=ecs-agent)
2021-06-25T07:44:42.621198190Z container exec_start: /agent --healthcheck 3ed36d4ab15bfc6e5cfad5cd0ca0fe21384e675232bf6a3a8b882102da050fd8 (execID=ac63f0577c7df6cb55ec9c24ba0e07a7c0ee16b1c80bffbd7c801335ccdaef95, image=amazon/amazon-ecs-agent:latest, name=ecs-agent)
2021-06-25T07:44:43.047470653Z container exec_die 3ed36d4ab15bfc6e5cfad5cd0ca0fe21384e675232bf6a3a8b882102da050fd8 (execID=ac63f0577c7df6cb55ec9c24ba0e07a7c0ee16b1c80bffbd7c801335ccdaef95, exitCode=0, image=amazon/amazon-ecs-agent:latest, name=ecs-agent)
2021-06-25T07:45:13.054334915Z container exec_create: /agent --healthcheck 3ed36d4ab15bfc6e5cfad5cd0ca0fe21384e675232bf6a3a8b882102da050fd8 (execID=d70a3746f7aa4d34726dbf582763bf36a1fc52b1c1e043db70f8400aed7aff00, image=amazon/amazon-ecs-agent:latest, name=ecs-agent)
2021-06-25T07:45:13.054416332Z container exec_start: /agent --healthcheck 3ed36d4ab15bfc6e5cfad5cd0ca0fe21384e675232bf6a3a8b882102da050fd8 (execID=d70a3746f7aa4d34726dbf582763bf36a1fc52b1c1e043db70f8400aed7aff00, image=amazon/amazon-ecs-agent:latest, name=ecs-agent)
2021-06-25T07:45:13.475492164Z container exec_die 3ed36d4ab15bfc6e5cfad5cd0ca0fe21384e675232bf6a3a8b882102da050fd8 (execID=d70a3746f7aa4d34726dbf582763bf36a1fc52b1c1e043db70f8400aed7aff00, exitCode=0, image=amazon/amazon-ecs-agent:latest, name=ecs-agent)
2021-06-25T07:45:43.485119683Z container exec_create: /agent --healthcheck 3ed36d4ab15bfc6e5cfad5cd0ca0fe21384e675232bf6a3a8b882102da050fd8 (execID=275fa24e38765bab86681c9a9bd4a45b9632cdd96433fe19602659804cfb7e0d, image=amazon/amazon-ecs-agent:latest, name=ecs-agent)
2021-06-25T07:45:43.485198138Z container exec_start: /agent --healthcheck 3ed36d4ab15bfc6e5cfad5cd0ca0fe21384e675232bf6a3a8b882102da050fd8 (execID=275fa24e38765bab86681c9a9bd4a45b9632cdd96433fe19602659804cfb7e0d, image=amazon/amazon-ecs-agent:latest, name=ecs-agent)
2021-06-25T07:45:43.922185810Z container exec_die 3ed36d4ab15bfc6e5cfad5cd0ca0fe21384e675232bf6a3a8b882102da050fd8 (execID=275fa24e38765bab86681c9a9bd4a45b9632cdd96433fe19602659804cfb7e0d, exitCode=0, image=amazon/amazon-ecs-agent:latest, name=ecs-agent)
2021-06-25T07:45:47.812042117Z image tag sha256:a259e28cc4382ac2c04bfcd24cd2aacaaa747c96fe63130d6892c4663e5ea465 (name=php:fpm)
2021-06-25T07:45:47.882388648Z image tag sha256:4f380adfc10f4cd34f775ae57a17d2835385efd5251d6dfe0f246b0018fb0399 (maintainer=NGINX Docker Maintainers <docker-maint@nginx.com>, name=nginx:latest)
2021-06-25T07:45:47.948046556Z image tag sha256:f5668fdd3a823c50699f3bce495323e1dda80e3532321c5295338875fb6188f2 (name=amazon/amazon-ecs-agent:latest)
2021-06-25T07:45:51.182513776Z container kill a43181cf453840d0f3a3f8f1468d0d91eabd14734479be4d048f5df9db91687b (com.amazonaws.ecs.cluster=awseb-Bye-env-m44xgakxkp, com.amazonaws.ecs.container-name=nginx-proxy, com.amazonaws.ecs.task-arn=arn:aws:ecs:ap-south-1:215680092654:task/awseb-Bye-env-m44xgakxkp/de8dd9ed366042daa72e22d432eef6c9, com.amazonaws.ecs.task-definition-family=awseb-Bye-env-m44xgakxkp, com.amazonaws.ecs.task-definition-version=1, image=nginx, maintainer=NGINX Docker Maintainers <docker-maint@nginx.com>, name=ecs-awseb-Bye-env-m44xgakxkp-1-nginx-proxy-ec848df3df8ac48c9d01, signal=3)
2021-06-25T07:45:51.261418296Z container die a43181cf453840d0f3a3f8f1468d0d91eabd14734479be4d048f5df9db91687b (com.amazonaws.ecs.cluster=awseb-Bye-env-m44xgakxkp, com.amazonaws.ecs.container-name=nginx-proxy, com.amazonaws.ecs.task-arn=arn:aws:ecs:ap-south-1:215680092654:task/awseb-Bye-env-m44xgakxkp/de8dd9ed366042daa72e22d432eef6c9, com.amazonaws.ecs.task-definition-family=awseb-Bye-env-m44xgakxkp, com.amazonaws.ecs.task-definition-version=1, exitCode=0, image=nginx, maintainer=NGINX Docker Maintainers <docker-maint@nginx.com>, name=ecs-awseb-Bye-env-m44xgakxkp-1-nginx-proxy-ec848df3df8ac48c9d01)
2021-06-25T07:45:51.365602021Z network disconnect 890f7c007f3d04118e9d3d232cae067c2391a06c97b51714301331f5975a665d (container=a43181cf453840d0f3a3f8f1468d0d91eabd14734479be4d048f5df9db91687b, name=bridge, type=bridge)
2021-06-25T07:45:51.409461582Z container stop a43181cf453840d0f3a3f8f1468d0d91eabd14734479be4d048f5df9db91687b (com.amazonaws.ecs.cluster=awseb-Bye-env-m44xgakxkp, com.amazonaws.ecs.container-name=nginx-proxy, com.amazonaws.ecs.task-arn=arn:aws:ecs:ap-south-1:215680092654:task/awseb-Bye-env-m44xgakxkp/de8dd9ed366042daa72e22d432eef6c9, com.amazonaws.ecs.task-definition-family=awseb-Bye-env-m44xgakxkp, com.amazonaws.ecs.task-definition-version=1, image=nginx, maintainer=NGINX Docker Maintainers <docker-maint@nginx.com>, name=ecs-awseb-Bye-env-m44xgakxkp-1-nginx-proxy-ec848df3df8ac48c9d01)
2021-06-25T07:45:51.444969245Z container kill 0bb212c8d979f861f78ee4029709e05a35795fe890b93c11380c83464f3aa448 (com.amazonaws.ecs.cluster=awseb-Bye-env-m44xgakxkp, com.amazonaws.ecs.container-name=php-app, com.amazonaws.ecs.task-arn=arn:aws:ecs:ap-south-1:215680092654:task/awseb-Bye-env-m44xgakxkp/de8dd9ed366042daa72e22d432eef6c9, com.amazonaws.ecs.task-definition-family=awseb-Bye-env-m44xgakxkp, com.amazonaws.ecs.task-definition-version=1, image=php:fpm, name=ecs-awseb-Bye-env-m44xgakxkp-1-php-app-e89dc69ed29ceaa61700, signal=3)
2021-06-25T07:45:51.531795242Z container die 0bb212c8d979f861f78ee4029709e05a35795fe890b93c11380c83464f3aa448 (com.amazonaws.ecs.cluster=awseb-Bye-env-m44xgakxkp, com.amazonaws.ecs.container-name=php-app, com.amazonaws.ecs.task-arn=arn:aws:ecs:ap-south-1:215680092654:task/awseb-Bye-env-m44xgakxkp/de8dd9ed366042daa72e22d432eef6c9, com.amazonaws.ecs.task-definition-family=awseb-Bye-env-m44xgakxkp, com.amazonaws.ecs.task-definition-version=1, exitCode=0, image=php:fpm, name=ecs-awseb-Bye-env-m44xgakxkp-1-php-app-e89dc69ed29ceaa61700)
2021-06-25T07:45:51.612149726Z network disconnect 890f7c007f3d04118e9d3d232cae067c2391a06c97b51714301331f5975a665d (container=0bb212c8d979f861f78ee4029709e05a35795fe890b93c11380c83464f3aa448, name=bridge, type=bridge)
2021-06-25T07:45:51.651576569Z container stop 0bb212c8d979f861f78ee4029709e05a35795fe890b93c11380c83464f3aa448 (com.amazonaws.ecs.cluster=awseb-Bye-env-m44xgakxkp, com.amazonaws.ecs.container-name=php-app, com.amazonaws.ecs.task-arn=arn:aws:ecs:ap-south-1:215680092654:task/awseb-Bye-env-m44xgakxkp/de8dd9ed366042daa72e22d432eef6c9, com.amazonaws.ecs.task-definition-family=awseb-Bye-env-m44xgakxkp, com.amazonaws.ecs.task-definition-version=1, image=php:fpm, name=ecs-awseb-Bye-env-m44xgakxkp-1-php-app-e89dc69ed29ceaa61700)
2021-06-25T07:46:13.929173921Z container exec_create: /agent --healthcheck 3ed36d4ab15bfc6e5cfad5cd0ca0fe21384e675232bf6a3a8b882102da050fd8 (execID=cdb88575b20e109f0718cc5755623487aa5e729ce6fcd4a5ba63989595008c04, image=amazon/amazon-ecs-agent:latest, name=ecs-agent)
2021-06-25T07:46:13.929256157Z container exec_start: /agent --healthcheck 3ed36d4ab15bfc6e5cfad5cd0ca0fe21384e675232bf6a3a8b882102da050fd8 (execID=cdb88575b20e109f0718cc5755623487aa5e729ce6fcd4a5ba63989595008c04, image=amazon/amazon-ecs-agent:latest, name=ecs-agent)
2021-06-25T07:46:14.345234671Z container exec_die 3ed36d4ab15bfc6e5cfad5cd0ca0fe21384e675232bf6a3a8b882102da050fd8 (execID=cdb88575b20e109f0718cc5755623487aa5e729ce6fcd4a5ba63989595008c04, exitCode=0, image=amazon/amazon-ecs-agent:latest, name=ecs-agent)
2021-06-25T07:46:44.352561697Z container exec_create: /agent --healthcheck 3ed36d4ab15bfc6e5cfad5cd0ca0fe21384e675232bf6a3a8b882102da050fd8 (execID=249a6aeb104bfb6806534da833cd543937b7a454c1bbd2e1773f0c4525c34095, image=amazon/amazon-ecs-agent:latest, name=ecs-agent)
2021-06-25T07:46:44.352641553Z container exec_start: /agent --healthcheck 3ed36d4ab15bfc6e5cfad5cd0ca0fe21384e675232bf6a3a8b882102da050fd8 (execID=249a6aeb104bfb6806534da833cd543937b7a454c1bbd2e1773f0c4525c34095, image=amazon/amazon-ecs-agent:latest, name=ecs-agent)
2021-06-25T07:46:44.772918891Z container exec_die 3ed36d4ab15bfc6e5cfad5cd0ca0fe21384e675232bf6a3a8b882102da050fd8 (execID=249a6aeb104bfb6806534da833cd543937b7a454c1bbd2e1773f0c4525c34095, exitCode=0, image=amazon/amazon-ecs-agent:latest, name=ecs-agent)
2021-06-25T07:47:14.780052630Z container exec_create: /agent --healthcheck 3ed36d4ab15bfc6e5cfad5cd0ca0fe21384e675232bf6a3a8b882102da050fd8 (execID=30b346d57d89e46aa655ffa28333058e49ffd16c04aed2aa714a74bb4bc79153, image=amazon/amazon-ecs-agent:latest, name=ecs-agent)
2021-06-25T07:47:14.780133951Z container exec_start: /agent --healthcheck 3ed36d4ab15bfc6e5cfad5cd0ca0fe21384e675232bf6a3a8b882102da050fd8 (execID=30b346d57d89e46aa655ffa28333058e49ffd16c04aed2aa714a74bb4bc79153, image=amazon/amazon-ecs-agent:latest, name=ecs-agent)
2021-06-25T07:47:15.199568438Z container exec_die 3ed36d4ab15bfc6e5cfad5cd0ca0fe21384e675232bf6a3a8b882102da050fd8 (execID=30b346d57d89e46aa655ffa28333058e49ffd16c04aed2aa714a74bb4bc79153, exitCode=0, image=amazon/amazon-ecs-agent:latest, name=ecs-agent)
