[2021-06-25T07:36:36Z] Started EB User Data
+ SLEEP_TIME=10
+ SLEEP_TIME_MAX=3600
+ true
+ curl https://s3.dualstack.ap-south-1.amazonaws.com/elasticbeanstalk-env-resources-ap-south-1/stalks/eb_docker_ecs_4.2.1.202101.0_1621457707/lib/UserDataScript.sh
  % Total    % Received % Xferd  Average Speed   Time    Time     Time  Current
                                 Dload  Upload   Total   Spent    Left  Speed
  0     0    0     0    0     0      0      0 --:--:-- --:--:-- --:--:--     0100 12536  100 12536    0     0   244k      0 --:--:-- --:--:-- --:--:--  255k
+ RESULT=0
+ [[ 0 -ne 0 ]]
+ /bin/bash /tmp/ebbootstrap.sh https://s3.dualstack.ap-south-1.amazonaws.com/elasticbeanstalk-env-resources-ap-south-1/stalks/eb_docker_ecs_4.2.1.202101.0_1621457707/lib/aws-elasticbeanstalk-tools-1.20-1.noarch.rpm 'https://s3.dualstack.ap-south-1.amazonaws.com/elasticbeanstalk-env-resources-ap-south-1/stalks/eb_docker_ecs_4.2.1.202101.0_1621457707/lib/awseb-ruby-2.2.4-x86_64-20210330_1931.tar.gz https://s3.dualstack.ap-south-1.amazonaws.com/elasticbeanstalk-env-resources-ap-south-1/stalks/eb_docker_ecs_4.2.1.202101.0_1621457707/lib/basehooks.tar.gz' 'https://s3.dualstack.ap-south-1.amazonaws.com/elasticbeanstalk-env-resources-ap-south-1/stalks/eb_docker_ecs_4.2.1.202101.0_1621457707/lib/beanstalk-core-2.12.gem https://s3.dualstack.ap-south-1.amazonaws.com/elasticbeanstalk-env-resources-ap-south-1/stalks/eb_docker_ecs_4.2.1.202101.0_1621457707/lib/beanstalk-core-healthd-1.1.gem https://s3.dualstack.ap-south-1.amazonaws.com/elasticbeanstalk-env-resources-ap-south-1/stalks/eb_docker_ecs_4.2.1.202101.0_1621457707/lib/executor-1.2.gem' 'https://cloudformation-waitcondition-ap-south-1.s3.ap-south-1.amazonaws.com/arn%3Aaws%3Acloudformation%3Aap-south-1%3A215680092654%3Astack/awseb-e-m44xgakxkp-stack/eab6ec90-d587-11eb-a53a-026635b7eae0/AWSEBInstanceLaunchWaitHandle?X-Amz-Algorithm=AWS4-HMAC-SHA256&X-Amz-Date=20210625T073533Z&X-Amz-SignedHeaders=host&X-Amz-Expires=86399&X-Amz-Credential=AKIAJ4TH4Y2KGKFL7R6A%2F20210625%2Fap-south-1%2Fs3%2Faws4_request&X-Amz-Signature=751bc3346d229a74213937339700a6843d15793e4d3f57755d5e921128f82e05' arn:aws:cloudformation:ap-south-1:215680092654:stack/awseb-e-m44xgakxkp-stack/eab6ec90-d587-11eb-a53a-026635b7eae0 ap-south-1 54673117d2cc '' '' '' ''
[2021-06-25T07:36:36.276Z] Started EB Bootstrapping Script.
[2021-06-25T07:36:36.289Z] Received parameters:
 RPMS = https://s3.dualstack.ap-south-1.amazonaws.com/elasticbeanstalk-env-resources-ap-south-1/stalks/eb_docker_ecs_4.2.1.202101.0_1621457707/lib/aws-elasticbeanstalk-tools-1.20-1.noarch.rpm
 TARBALLS = https://s3.dualstack.ap-south-1.amazonaws.com/elasticbeanstalk-env-resources-ap-south-1/stalks/eb_docker_ecs_4.2.1.202101.0_1621457707/lib/awseb-ruby-2.2.4-x86_64-20210330_1931.tar.gz https://s3.dualstack.ap-south-1.amazonaws.com/elasticbeanstalk-env-resources-ap-south-1/stalks/eb_docker_ecs_4.2.1.202101.0_1621457707/lib/basehooks.tar.gz
 EB_GEMS = https://s3.dualstack.ap-south-1.amazonaws.com/elasticbeanstalk-env-resources-ap-south-1/stalks/eb_docker_ecs_4.2.1.202101.0_1621457707/lib/beanstalk-core-2.12.gem https://s3.dualstack.ap-south-1.amazonaws.com/elasticbeanstalk-env-resources-ap-south-1/stalks/eb_docker_ecs_4.2.1.202101.0_1621457707/lib/beanstalk-core-healthd-1.1.gem https://s3.dualstack.ap-south-1.amazonaws.com/elasticbeanstalk-env-resources-ap-south-1/stalks/eb_docker_ecs_4.2.1.202101.0_1621457707/lib/executor-1.2.gem
 SIGNAL_URL = https://cloudformation-waitcondition-ap-south-1.s3.ap-south-1.amazonaws.com/arn%3Aaws%3Acloudformation%3Aap-south-1%3A215680092654%3Astack/awseb-e-m44xgakxkp-stack/eab6ec90-d587-11eb-a53a-026635b7eae0/AWSEBInstanceLaunchWaitHandle?X-Amz-Algorithm=AWS4-HMAC-SHA256&X-Amz-Date=20210625T073533Z&X-Amz-SignedHeaders=host&X-Amz-Expires=86399&X-Amz-Credential=AKIAJ4TH4Y2KGKFL7R6A%2F20210625%2Fap-south-1%2Fs3%2Faws4_request&X-Amz-Signature=751bc3346d229a74213937339700a6843d15793e4d3f57755d5e921128f82e05
 STACK_ID = arn:aws:cloudformation:ap-south-1:215680092654:stack/awseb-e-m44xgakxkp-stack/eab6ec90-d587-11eb-a53a-026635b7eae0
 REGION = ap-south-1
 GUID = 54673117d2cc
 HEALTHD_GROUP_ID = 
 HEALTHD_ENDPOINT = 
 PROXY_SERVER = 
 HEALTHD_PROXY_LOG_LOCATION =
[2021-06-25T07:36:36.351Z] Synchronizing network time in background.
[2021-06-25T07:36:36.366Z] yum repo has already been locked to 54673117d2cc.
[2021-06-25T07:36:36.372Z] yum update has already been done.
Shutting down ntpd: [2021-06-25T07:36:36.452Z] Completed creating AWS EB users and groups.
[2021-06-25T07:36:36.453Z] Started executing install_rpms https://s3.dualstack.ap-south-1.amazonaws.com/elasticbeanstalk-env-resources-ap-south-1/stalks/eb_docker_ecs_4.2.1.202101.0_1621457707/lib/aws-elasticbeanstalk-tools-1.20-1.noarch.rpm.
[2021-06-25T07:36:36.455Z] Installing RPM: https://s3.dualstack.ap-south-1.amazonaws.com/elasticbeanstalk-env-resources-ap-south-1/stalks/eb_docker_ecs_4.2.1.202101.0_1621457707/lib/aws-elasticbeanstalk-tools-1.20-1.noarch.rpm.
[  OK  ]
[2021-06-25T07:36:36.661Z] aws-elasticbeanstalk-tools-1.20-1.noarch has already been installed. Skip installing.
[2021-06-25T07:36:36.670Z] Command Returned: 
[2021-06-25T07:36:36.676Z] Completed executing install_rpms.
[2021-06-25T07:36:36.682Z] Started executing install_tarballs https://s3.dualstack.ap-south-1.amazonaws.com/elasticbeanstalk-env-resources-ap-south-1/stalks/eb_docker_ecs_4.2.1.202101.0_1621457707/lib/awseb-ruby-2.2.4-x86_64-20210330_1931.tar.gz https://s3.dualstack.ap-south-1.amazonaws.com/elasticbeanstalk-env-resources-ap-south-1/stalks/eb_docker_ecs_4.2.1.202101.0_1621457707/lib/basehooks.tar.gz.
[2021-06-25T07:36:36.712Z] Installing tarball: https://s3.dualstack.ap-south-1.amazonaws.com/elasticbeanstalk-env-resources-ap-south-1/stalks/eb_docker_ecs_4.2.1.202101.0_1621457707/lib/awseb-ruby-2.2.4-x86_64-20210330_1931.tar.gz.
[2021-06-25T07:36:36.713Z] awseb-ruby-2.2.4-x86_64-20210330_1931.tar.gz has already been installed. Skip installing.
[2021-06-25T07:36:36.715Z] Installing tarball: https://s3.dualstack.ap-south-1.amazonaws.com/elasticbeanstalk-env-resources-ap-south-1/stalks/eb_docker_ecs_4.2.1.202101.0_1621457707/lib/basehooks.tar.gz.
[2021-06-25T07:36:36.808Z] Command Returned: 

2021-06-25 07:36:36 URL:https://s3.dualstack.ap-south-1.amazonaws.com/elasticbeanstalk-env-resources-ap-south-1/stalks/eb_docker_ecs_4.2.1.202101.0_1621457707/lib/basehooks.tar.gz [5991/5991] -> "/tmp/basehooks.tar.gz" [1]
[2021-06-25T07:36:36.816Z] Completed executing install_tarballs.
[2021-06-25T07:36:36.833Z] Started executing install_eb_gems https://s3.dualstack.ap-south-1.amazonaws.com/elasticbeanstalk-env-resources-ap-south-1/stalks/eb_docker_ecs_4.2.1.202101.0_1621457707/lib/beanstalk-core-2.12.gem https://s3.dualstack.ap-south-1.amazonaws.com/elasticbeanstalk-env-resources-ap-south-1/stalks/eb_docker_ecs_4.2.1.202101.0_1621457707/lib/beanstalk-core-healthd-1.1.gem https://s3.dualstack.ap-south-1.amazonaws.com/elasticbeanstalk-env-resources-ap-south-1/stalks/eb_docker_ecs_4.2.1.202101.0_1621457707/lib/executor-1.2.gem.
[2021-06-25T07:36:36.879Z] Installing EB Gem: https://s3.dualstack.ap-south-1.amazonaws.com/elasticbeanstalk-env-resources-ap-south-1/stalks/eb_docker_ecs_4.2.1.202101.0_1621457707/lib/beanstalk-core-2.12.gem.
[2021-06-25T07:36:37.178Z] beanstalk-core-2.12 has already been installed. Skip installing.
[2021-06-25T07:36:37.186Z] Installing EB Gem: https://s3.dualstack.ap-south-1.amazonaws.com/elasticbeanstalk-env-resources-ap-south-1/stalks/eb_docker_ecs_4.2.1.202101.0_1621457707/lib/beanstalk-core-healthd-1.1.gem.
[2021-06-25T07:36:37.376Z] beanstalk-core-healthd-1.1 has already been installed. Skip installing.
[2021-06-25T07:36:37.388Z] Installing EB Gem: https://s3.dualstack.ap-south-1.amazonaws.com/elasticbeanstalk-env-resources-ap-south-1/stalks/eb_docker_ecs_4.2.1.202101.0_1621457707/lib/executor-1.2.gem.
[2021-06-25T07:36:37.573Z] executor-1.2 has already been installed. Skip installing.
[2021-06-25T07:36:37.581Z] Command Returned: 
[2021-06-25T07:36:37.587Z] Completed executing install_eb_gems.
[2021-06-25T07:36:37.595Z] Ensuring healthd is not running
initctl: Unknown job: healthd
[2021-06-25T07:36:37.684Z] First init of instance.
[2021-06-25T07:36:37.690Z] Started executing cfn_init _OnInstanceBoot first_init.
[2021-06-25T07:36:37.698Z] Running cfn-init ConfigSet: _OnInstanceBoot.
[2021-06-25T07:36:38.417Z] Command Returned: 
[2021-06-25T07:36:38.423Z] Completed executing cfn_init.
  % Total    % Received % Xferd  Average Speed   Time    Time     Time  Current
                                 Dload  Upload   Total   Spent    Left  Speed
  0     0    0     0    0     0      0      0 --:--:-- --:--:-- --:--:--     0100    56  100    56    0     0   3500      0 --:--:-- --:--:-- --:--:--  3500
*   Trying 169.254.169.254...
* TCP_NODELAY set
  % Total    % Received % Xferd  Average Speed   Time    Time     Time  Current
                                 Dload  Upload   Total   Spent    Left  Speed
  0     0    0     0    0     0      0      0 --:--:-- --:--:-- --:--:--     0* Connected to 169.254.169.254 (169.254.169.254) port 80 (#0)
> GET /latest/meta-data/instance-id HTTP/1.1
> Host: 169.254.169.254
> User-Agent: curl/7.61.1
> Accept: */*
> X-aws-ec2-metadata-token: AQAAAJsr4znw3NbrtCcTeg4T2kXh_5P24srVbZY_3HR6fR6Ruch0bQ==
> 
* HTTP 1.0, assume close after body
< HTTP/1.0 200 OK
< Accept-Ranges: bytes
< Content-Length: 19
< Content-Type: text/plain
< Date: Fri, 25 Jun 2021 07:36:38 GMT
< Last-Modified: Fri, 25 Jun 2021 07:36:29 GMT
< X-Aws-Ec2-Metadata-Token-Ttl-Seconds: 21600
< Connection: close
< Server: EC2ws
< 
{ [19 bytes data]
100    19  100    19    0     0   3800      0 --:--:-- --:--:-- --:--:--  3800
* Closing connection 0
[2021-06-25T07:36:38.551Z] Check whether controlled by launch workflow...
[2021-06-25T07:36:39.191Z] Worflow running.
[2021-06-25T07:36:39.197Z] Workflow controlled instance. Running container provisioning...
[2021-06-25T07:36:39.206Z] Started executing start_cfn_hup.
[2021-06-25T07:36:39.213Z] Starting cfn-hup.
[2021-06-25T07:36:39.222Z] Command Returned: cfn-hup start/running, process 3081
[2021-06-25T07:36:39.235Z] Completed executing start_cfn_hup.
[2021-06-25T07:36:39.247Z] Started executing run_eb_command { "api_version" : "1.0", "request_id": "0", "command_name": "CMD-PreInit" } .
[2021-06-25T07:36:39.260Z] Running EB Command: { "api_version" : "1.0", "request_id": "0", "command_name": "CMD-PreInit" } .
Version 2 of the Ruby SDK will enter maintenance mode as of November 20, 2020. To continue receiving service updates and new features, please upgrade to Version 3. More information can be found here: https://aws.amazon.com/blogs/developer/deprecation-schedule-for-aws-sdk-for-ruby-v2/
25 Jun 07:36:47 ntpdate[2960]: adjust time server 192.46.215.60 offset -0.333722 sec
Starting ntpd: [  OK  ]
[2021-06-25T07:37:06.368Z] Command Returned: {"status":"SUCCESS","api_version":"1.0","results":[{"status":"SUCCESS","msg":"","returncode":0,"events":[]}]}
[2021-06-25T07:37:06.382Z] Completed executing run_eb_command.
[2021-06-25T07:37:06.384Z] Successfully bootstrapped instance.
[2021-06-25T07:37:06.576Z] Sending signal 0 to CFN wait condition https://cloudformation-waitcondition-ap-south-1.s3.ap-south-1.amazonaws.com/arn%3Aaws%3Acloudformation%3Aap-south-1%3A215680092654%3Astack/awseb-e-m44xgakxkp-stack/eab6ec90-d587-11eb-a53a-026635b7eae0/AWSEBInstanceLaunchWaitHandle?X-Amz-Algorithm=AWS4-HMAC-SHA256&X-Amz-Date=20210625T073533Z&X-Amz-SignedHeaders=host&X-Amz-Expires=86399&X-Amz-Credential=AKIAJ4TH4Y2KGKFL7R6A%2F20210625%2Fap-south-1%2Fs3%2Faws4_request&X-Amz-Signature=751bc3346d229a74213937339700a6843d15793e4d3f57755d5e921128f82e05
CloudFormation signaled successfully with SUCCESS.
[2021-06-25T07:37:07.074Z] Tailing /var/log/eb-commandprocessor.log

******************* eb-commandprocessor taillog *******************
[2021-06-25T07:36:39.614Z] DEBUG [3091]  : Reading config file: /etc/elasticbeanstalk/.aws-eb-stack.properties
[2021-06-25T07:36:39.614Z] DEBUG [3091]  : Checking if the command processor should execute...
[2021-06-25T07:36:39.621Z] DEBUG [3091]  : Checking whether the command is applicable to instance (i-0637a7a81c7137fa2)..
[2021-06-25T07:36:39.621Z] INFO  [3091]  : Command is applicable to this instance (i-0637a7a81c7137fa2)..
[2021-06-25T07:36:39.621Z] DEBUG [3091]  : Checking if the received command stage is valid..
[2021-06-25T07:36:39.621Z] INFO  [3091]  : No stage_num in command. Valid stage..
[2021-06-25T07:36:39.622Z] INFO  [3091]  : Received command CMD-PreInit: {"api_version"=>"1.0", "request_id"=>"0", "command_name"=>"CMD-PreInit"}
[2021-06-25T07:36:39.622Z] INFO  [3091]  : Command processor should execute command.
[2021-06-25T07:36:39.622Z] DEBUG [3091]  : Storing current stage..
[2021-06-25T07:36:39.622Z] DEBUG [3091]  : Stage_num does not exist. Not saving null stage. Returning..
[2021-06-25T07:36:39.622Z] DEBUG [3091]  : Reading config file: /etc/elasticbeanstalk/.aws-eb-stack.properties
[2021-06-25T07:36:39.622Z] DEBUG [3091]  : Retrieving metadata for key: AWS::ElasticBeanstalk::Ext||_ContainerConfigFileContent||commands..
[2021-06-25T07:36:39.622Z] DEBUG [3091]  : Retrieving metadata for key: AWS::ElasticBeanstalk::Ext||_API||_Commands..
[2021-06-25T07:36:39.623Z] INFO  [3091]  : Found enabled addons: ["logstreaming", "logpublish"].
[2021-06-25T07:36:39.624Z] INFO  [3091]  : Updating Command definition of addon logstreaming.
[2021-06-25T07:36:39.624Z] INFO  [3091]  : Updating Command definition of addon logpublish.
[2021-06-25T07:36:39.624Z] DEBUG [3091]  : Refreshing metadata...
[2021-06-25T07:36:39.625Z] DEBUG [3091]  : Using cached environment metadata.
[2021-06-25T07:36:39.625Z] INFO  [3091]  : Recreated directory /opt/elasticbeanstalk/deploy/configuration/.
[2021-06-25T07:36:39.625Z] DEBUG [3091]  : Retrieving metadata for key: AWS::ElasticBeanstalk::Ext||_AppSourceUrlFileContent||url..
[2021-06-25T07:36:39.626Z] INFO  [3091]  : Created appsource url file at /opt/elasticbeanstalk/deploy/configuration/appsourceurl.
[2021-06-25T07:36:39.626Z] DEBUG [3091]  : Retrieving metadata for key: AWS::ElasticBeanstalk::Ext||_ContainerConfigFileContent..
[2021-06-25T07:36:39.631Z] INFO  [3091]  : Created container config file at /opt/elasticbeanstalk/deploy/configuration/containerconfiguration.
[2021-06-25T07:36:39.631Z] DEBUG [3091]  : Retrieving metadata for key: AWS::ElasticBeanstalk::Ext||_ContainerConfigFileContent||commands..
[2021-06-25T07:36:39.631Z] DEBUG [3091]  : Retrieving metadata for key: AWS::ElasticBeanstalk::Ext||_API||_Commands..
[2021-06-25T07:36:39.632Z] INFO  [3091]  : Found enabled addons: ["logstreaming", "logpublish"].
[2021-06-25T07:36:39.633Z] INFO  [3091]  : Updating Command definition of addon logstreaming.
[2021-06-25T07:36:39.633Z] INFO  [3091]  : Updating Command definition of addon logpublish.
[2021-06-25T07:36:39.633Z] DEBUG [3091]  : Retrieving metadata for key: AWS::CloudFormation::Init||Infra-WriteApplication2||files..
[2021-06-25T07:36:39.634Z] DEBUG [3091]  : Retrieving metadata for key: AWS::ElasticBeanstalk::Ext||ManifestFileS3Key..
[2021-06-25T07:36:39.957Z] INFO  [3091]  : Finding latest manifest from bucket 'elasticbeanstalk-ap-south-1-215680092654' with prefix 'resources/environments/e-m44xgakxkp/_runtime/versions/manifest_'.
[2021-06-25T07:36:40.062Z] INFO  [3091]  : Found manifest with key 'resources/environments/e-m44xgakxkp/_runtime/versions/manifest_1624606529570'.
[2021-06-25T07:36:40.078Z] INFO  [3091]  : Updated manifest cache: deployment ID 1 and serial 1.
[2021-06-25T07:36:40.078Z] DEBUG [3091]  : Loaded definition of Command CMD-PreInit.
[2021-06-25T07:36:40.078Z] INFO  [3091]  : Executing Initialization
[2021-06-25T07:36:40.079Z] INFO  [3091]  : Executing command: CMD-PreInit...
[2021-06-25T07:36:40.079Z] INFO  [3091]  : Executing command CMD-PreInit activities...
[2021-06-25T07:36:40.079Z] DEBUG [3091]  : Setting environment variables..
[2021-06-25T07:36:40.079Z] INFO  [3091]  : Running AddonsBefore for command CMD-PreInit...
[2021-06-25T07:36:42.472Z] DEBUG [3091]  : Running stages of Command CMD-PreInit from stage 0 to stage 0...
[2021-06-25T07:36:42.472Z] INFO  [3091]  : Running stage 0 of command CMD-PreInit...
[2021-06-25T07:36:42.472Z] DEBUG [3091]  : Loaded 2 actions for stage 0.
[2021-06-25T07:36:42.472Z] INFO  [3091]  : Running 1 of 2 actions: DownloadSourceBundle...
[2021-06-25T07:36:42.833Z] INFO  [3091]  : Running 2 of 2 actions: PreInitHook...
[2021-06-25T07:37:06.343Z] INFO  [3091]  : Running AddonsAfter for command CMD-PreInit...
[2021-06-25T07:37:06.343Z] INFO  [3091]  : Command CMD-PreInit succeeded!
[2021-06-25T07:37:06.344Z] INFO  [3091]  : Command processor returning results: 
{"status":"SUCCESS","api_version":"1.0","results":[{"status":"SUCCESS","msg":"","returncode":0,"events":[]}]}
******************* End of taillog *******************


[2021-06-25T07:37:07.098Z] Tailing /var/log/eb-activity.log

******************* eb-activity taillog *******************
  + true
  + aws configure set default.output json
  + aws configure set default.region ap-south-1
  + echo ECS_ENABLE_TASK_ENI=false
  + echo ECS_CLUSTER=awseb-Bye-env-m44xgakxkp
  + grep -q 'ecs start/'
  + initctl status ecs
  + initctl start ecs
  ecs start/running, process 3791
  + TIMEOUT=120
  ++ jq -r .ContainerInstanceArn
  ++ curl http://localhost:51678/v1/metadata
    % Total    % Received % Xferd  Average Speed   Time    Time     Time  Current
                                   Dload  Upload   Total   Spent    Left  Speed
    0     0    0     0    0     0      0      0 --:--:-- --:--:-- --:--:--     0curl: (7) Failed to connect to localhost port 51678: Connection refused
  + INSTANCE_ARN=
  + '[' -n '' ']'
  + sleep 1
  + TIMEOUT=119
  + '[' 119 -le 0 ']'
  ++ jq -r .ContainerInstanceArn
  ++ curl http://localhost:51678/v1/metadata
    % Total    % Received % Xferd  Average Speed   Time    Time     Time  Current
                                   Dload  Upload   Total   Spent    Left  Speed
    0     0    0     0    0     0      0      0 --:--:-- --:--:-- --:--:--     0curl: (7) Failed to connect to localhost port 51678: Connection refused
  + INSTANCE_ARN=
  + '[' -n '' ']'
  + sleep 1
  + TIMEOUT=118
  + '[' 118 -le 0 ']'
  ++ jq -r .ContainerInstanceArn
  ++ curl http://localhost:51678/v1/metadata
    % Total    % Received % Xferd  Average Speed   Time    Time     Time  Current
                                   Dload  Upload   Total   Spent    Left  Speed
    0     0    0     0    0     0      0      0 --:--:-- --:--:-- --:--:--     0100   226  100   226    0     0  56500      0 --:--:-- --:--:-- --:--:-- 56500
  + INSTANCE_ARN=arn:aws:ecs:ap-south-1:215680092654:container-instance/awseb-Bye-env-m44xgakxkp/d7938ed6cc6c41ebba249b1b32525900
  + '[' -n arn:aws:ecs:ap-south-1:215680092654:container-instance/awseb-Bye-env-m44xgakxkp/d7938ed6cc6c41ebba249b1b32525900 ']'
  + '[' arn:aws:ecs:ap-south-1:215680092654:container-instance/awseb-Bye-env-m44xgakxkp/d7938ed6cc6c41ebba249b1b32525900 '!=' null ']'
  + cp /opt/elasticbeanstalk/containerfiles/support/init/eb-ecs.conf /etc/init/
  + cp /opt/elasticbeanstalk/containerfiles/support/init/eb-docker-events.conf /etc/init/
  + grep -q running
  + initctl start eb-docker-events
[2021-06-25T07:37:06.343Z] INFO  [3091]  - [Initialization/PreInitStage0/PreInitHook] : Completed activity. Result:
  Successfully execute hooks in directory /opt/elasticbeanstalk/hooks/preinit.
[2021-06-25T07:37:06.343Z] INFO  [3091]  - [Initialization/PreInitStage0] : Completed activity. Result:
  Initialization - Command CMD-PreInit stage 0 completed
[2021-06-25T07:37:06.343Z] INFO  [3091]  - [Initialization/AddonsAfter] : Starting activity...
[2021-06-25T07:37:06.343Z] INFO  [3091]  - [Initialization/AddonsAfter] : Completed activity.
[2021-06-25T07:37:06.343Z] INFO  [3091]  - [Initialization] : Completed activity. Result:
  Initialization - Command CMD-PreInit succeeded
******************* End of taillog *******************


[2021-06-25T07:37:07.101Z] Tailing /var/log/eb-tools.log

******************* eb-tools taillog *******************
***eb-tools is not available yet.***
******************* End of taillog *******************


[2021-06-25T07:37:07.109Z] Tailing /var/log/eb-version-deployment.log

******************* eb-version-deployment taillog *******************
***eb-version-deployment is not available yet.***
******************* End of taillog *******************


[2021-06-25T07:37:07.121Z] Tailing /var/log/cfn-init.log

******************* cfn-init taillog *******************
2021-06-25 07:36:38,235 [INFO] -----------------------Starting build-----------------------
2021-06-25 07:36:38,242 [INFO] Running configSets: _OnInstanceBoot
2021-06-25 07:36:38,245 [INFO] Running configSet _OnInstanceBoot
2021-06-25 07:36:38,250 [INFO] Running config AWSEBBaseConfig
2021-06-25 07:36:38,255 [INFO] Command clearbackupfiles succeeded
2021-06-25 07:36:38,264 [INFO] Running config AWSEBMessageOfTheDay
2021-06-25 07:36:38,268 [INFO] Command 01clearoriginal succeeded
2021-06-25 07:36:38,272 [INFO] Command 02createbanner succeeded
2021-06-25 07:36:38,284 [INFO] Command 03updatebanner succeeded
2021-06-25 07:36:38,290 [INFO] Running config AWSEBULimitConfig
2021-06-25 07:36:38,294 [INFO] Command 00removebackup succeeded
2021-06-25 07:36:38,300 [INFO] Running config AWSEBCfnHupEndpointOverride
2021-06-25 07:36:38,304 [INFO] Command clearbackupfiles succeeded
2021-06-25 07:36:38,309 [INFO] Running config Infra-InstallContainerHooksPkg
2021-06-25 07:36:38,313 [INFO] Command 00mkdir succeeded
2021-06-25 07:36:38,358 [INFO] Command 01download_container_hooks succeeded
2021-06-25 07:36:38,364 [INFO] Command 02install_container_hooks succeeded
2021-06-25 07:36:38,367 [INFO] Command 03cleanup succeeded
2021-06-25 07:36:38,372 [INFO] Running config Infra-WriteLeaderTestScript
2021-06-25 07:36:38,378 [INFO] Running config Infra-WriteTailLogsConf
2021-06-25 07:36:38,383 [INFO] Running config Infra-WriteSystemTailLogsConf
2021-06-25 07:36:38,389 [INFO] Running config Infra-WriteBundleLogsConf
2021-06-25 07:36:38,394 [INFO] Running config Infra-WritePublishLogsConf
2021-06-25 07:36:38,398 [INFO] Running config Infra-WritePublishLogsCron
2021-06-25 07:36:38,400 [INFO] ConfigSets completed
2021-06-25 07:36:38,400 [INFO] -----------------------Build complete-----------------------
******************* End of taillog *******************


[2021-06-25T07:37:07.138Z] Tailing /var/log/cfn-hup.log

******************* cfn-hup taillog *******************
2021-06-25 07:36:39,788 [DEBUG] CloudFormation client initialized with endpoint https://cloudformation.ap-south-1.amazonaws.com
2021-06-25 07:36:39,788 [DEBUG] SQS client initialized with endpoint https://sqs.ap-south-1.amazonaws.com
2021-06-25 07:36:39,789 [DEBUG] CloudFormation client initialized with endpoint https://cloudformation.ap-south-1.amazonaws.com
2021-06-25 07:36:39,789 [DEBUG] Enabled single threading mode.
2021-06-25 07:36:39,789 [DEBUG] Creating /var/lib/cfn-hup/data
2021-06-25 07:36:39,796 [INFO] No umask value specified in config file. Using the default one: 022
2021-06-25 07:36:39,840 [DEBUG] Registering listener i-0637a7a81c7137fa2 for stack arn:aws:cloudformation:ap-south-1:215680092654:stack/awseb-e-m44xgakxkp-stack/eab6ec90-d587-11eb-a53a-026635b7eae0
2021-06-25 07:36:40,157 [INFO] Refreshing listener credentials
2021-06-25 07:36:40,157 [DEBUG] Get listener credentials for listener i-0637a7a81c7137fa2 in stack arn:aws:cloudformation:ap-south-1:215680092654:stack/awseb-e-m44xgakxkp-stack/eab6ec90-d587-11eb-a53a-026635b7eae0
2021-06-25 07:36:40,273 [INFO] Scheduling next credential refresh in 1799.36348248 seconds
2021-06-25 07:36:40,274 [DEBUG] Receiving messages for queue https://sqs.ap-south-1.amazonaws.com/033451322671/238ba0131f940ac36c649082cbf389698f33bab585a7f31cd5d6ad961b479e84
2021-06-25 07:36:59,996 [DEBUG] Receiving messages for queue https://sqs.ap-south-1.amazonaws.com/033451322671/238ba0131f940ac36c649082cbf389698f33bab585a7f31cd5d6ad961b479e84
******************* End of taillog *******************


[2021-06-25T07:37:07.147Z] Completed EB Bootstrapping Script.
+ exit 0
